app/build/intermediates/manifest_merge_blame_file/release/manifest-merger-blame-release-report.txt
1<?xml version="1.0" encoding="utf-8"?>
2<manifest xmlns:android="http://schemas.android.com/apk/res/android"
3    package="com.gttg.vault"
4    android:versionCode="1"
5    android:versionName="1.0" >
6
7    <uses-sdk
8        android:minSdkVersion="21"
8-->src\main\AndroidManifest.xml
9        android:targetSdkVersion="29" />
9-->src\main\AndroidManifest.xml
10
11    <application
11-->src\main\AndroidManifest.xml:6:5-31:19
12        android:allowBackup="true"
12-->src\main\AndroidManifest.xml:7:9-35
13        android:appComponentFactory="androidx.core.app.CoreComponentFactory"
13-->[androidx.core:core:1.1.0] AndroidManifest.xml:24:18-86
14        android:icon="@drawable/icon_true"
14-->src\main\AndroidManifest.xml:8:9-43
15        android:label="@string/app_name"
15-->src\main\AndroidManifest.xml:9:9-41
16        android:roundIcon="@drawable/icon_true"
16-->src\main\AndroidManifest.xml:10:9-48
17        android:supportsRtl="true"
17-->src\main\AndroidManifest.xml:11:9-35
18        android:theme="@style/AppTheme" >
18-->src\main\AndroidManifest.xml:12:9-40
19        <activity
19-->src\main\AndroidManifest.xml:14:9-20:20
20            android:name="com.example.vault.Settings"
20-->src\main\AndroidManifest.xml:14:19-43
21            android:parentActivityName="com.example.vault.MainActivity" >
21-->src\main\AndroidManifest.xml:15:13-55
22            <meta-data
22-->src\main\AndroidManifest.xml:17:13-19:48
23                android:name="android.support.PARENT_ACTIVITY"
23-->src\main\AndroidManifest.xml:18:17-63
24                android:value=".MainActivity" />
24-->src\main\AndroidManifest.xml:19:17-46
25        </activity>
26        <activity android:name="com.example.vault.PasswordCreation" />
26-->src\main\AndroidManifest.xml:21:9-54
26-->src\main\AndroidManifest.xml:21:19-51
27        <activity android:name="com.example.vault.register" />
27-->src\main\AndroidManifest.xml:22:9-46
27-->src\main\AndroidManifest.xml:22:19-43
28        <activity android:name="com.example.vault.ListViewr" />
28-->src\main\AndroidManifest.xml:23:9-47
28-->src\main\AndroidManifest.xml:23:19-44
29        <activity android:name="com.example.vault.MainActivity" >
29-->src\main\AndroidManifest.xml:24:9-30:20
29-->src\main\AndroidManifest.xml:24:19-47
30            <intent-filter>
30-->src\main\AndroidManifest.xml:25:13-29:29
31                <action android:name="android.intent.action.MAIN" />
31-->src\main\AndroidManifest.xml:26:17-69
31-->src\main\AndroidManifest.xml:26:25-66
32
33                <category android:name="android.intent.category.LAUNCHER" />
33-->src\main\AndroidManifest.xml:28:17-77
33-->src\main\AndroidManifest.xml:28:27-74
34            </intent-filter>
35        </activity>
36    </application>
37
38</manifest>